<?xml version="1.0" encoding="UTF-8"?>
<!-- Generated by org.testng.reporters.JUnitXMLReporter -->
<testsuite ignored="58" hostname="DESKTOP-SSGRRV5" failures="1" tests="20" name="Chart request" time="1127.433" errors="0" timestamp="2021-02-09T14:06:46 IST">
  <testcase classname="com.ChartRequest.TestCases.LoginPageTestcase" name="loginWhenEmailIdAndPasswordGiven" time="11.231"/>
  <testcase classname="com.ChartRequest.TestCases.CreateRequestTestcases" name="creatingNewRequestFromRequestorAccount" time="65.941"/>
  <testcase classname="com.ChartRequest.TestCases.CreateRequestTestcases" name="processingOFrequestRequestor" time="264.151"/>
  <testcase classname="com.ChartRequest.TestCases.CreateRequestTestcases" name="bulkUploadRequestor" time="91.604"/>
  <testcase classname="com.ChartRequest.TestCases.CreateRequestTestcases" name="creatingNewRequestFromCustodianAccount" time="95.257"/>
  <testcase classname="com.ChartRequest.TestCases.CreateRequestTestcases" name="WalkinRequestCustodian" time="28.108">
    <failure type="org.openqa.selenium.NoSuchElementException" message="no such element: Unable to locate element: {&amp;quot;method&amp;quot;:&amp;quot;xpath&amp;quot;,&amp;quot;selector&amp;quot;:&amp;quot;//input[@id=&amp;apos;walkin_requestor_form_name&amp;apos;]&amp;quot;}
  (Session info: chrome=88.0.4324.146)
For documentation on this error, please visit: https://www.seleniumhq.org/exceptions/no_such_element.html
Build info: version: &amp;apos;3.141.59&amp;apos;, revision: &amp;apos;e82be7d358&amp;apos;, time: &amp;apos;2018-11-14T08:17:03&amp;apos;
System info: host: &amp;apos;DESKTOP-SSGRRV5&amp;apos;, ip: &amp;apos;192.168.80.1&amp;apos;, os.name: &amp;apos;Windows 10&amp;apos;, os.arch: &amp;apos;amd64&amp;apos;, os.version: &amp;apos;10.0&amp;apos;, java.version: &amp;apos;15.0.2&amp;apos;
Driver info: org.openqa.selenium.chrome.ChromeDriver
Capabilities {acceptInsecureCerts: false, browserName: chrome, browserVersion: 88.0.4324.146, chrome: {chromedriverVersion: 88.0.4324.96 (68dba2d8a0b14..., userDataDir: C:\Users\ashutosh.tiwari\Ap...}, goog:chromeOptions: {debuggerAddress: localhost:55795}, javascriptEnabled: true, networkConnectionEnabled: false, pageLoadStrategy: normal, platform: WINDOWS, platformName: WINDOWS, proxy: Proxy(), setWindowRect: true, strictFileInteractability: false, timeouts: {implicit: 0, pageLoad: 300000, script: 30000}, unhandledPromptBehavior: dismiss and notify, webauthn:extension:largeBlob: true, webauthn:virtualAuthenticators: true}
Session ID: 3c758b813b4aa1124c02976240030817
*** Element info: {Using=xpath, value=//input[@id=&amp;apos;walkin_requestor_form_name&amp;apos;]}">
      <![CDATA[org.openqa.selenium.NoSuchElementException: no such element: Unable to locate element: {"method":"xpath","selector":"//input[@id='walkin_requestor_form_name']"}
  (Session info: chrome=88.0.4324.146)
For documentation on this error, please visit: https://www.seleniumhq.org/exceptions/no_such_element.html
Build info: version: '3.141.59', revision: 'e82be7d358', time: '2018-11-14T08:17:03'
System info: host: 'DESKTOP-SSGRRV5', ip: '192.168.80.1', os.name: 'Windows 10', os.arch: 'amd64', os.version: '10.0', java.version: '15.0.2'
Driver info: org.openqa.selenium.chrome.ChromeDriver
Capabilities {acceptInsecureCerts: false, browserName: chrome, browserVersion: 88.0.4324.146, chrome: {chromedriverVersion: 88.0.4324.96 (68dba2d8a0b14..., userDataDir: C:\Users\ashutosh.tiwari\Ap...}, goog:chromeOptions: {debuggerAddress: localhost:55795}, javascriptEnabled: true, networkConnectionEnabled: false, pageLoadStrategy: normal, platform: WINDOWS, platformName: WINDOWS, proxy: Proxy(), setWindowRect: true, strictFileInteractability: false, timeouts: {implicit: 0, pageLoad: 300000, script: 30000}, unhandledPromptBehavior: dismiss and notify, webauthn:extension:largeBlob: true, webauthn:virtualAuthenticators: true}
Session ID: 3c758b813b4aa1124c02976240030817
*** Element info: {Using=xpath, value=//input[@id='walkin_requestor_form_name']}
at org.openqa.selenium.remote.http.W3CHttpResponseCodec.createException(W3CHttpResponseCodec.java:187)
at org.openqa.selenium.remote.http.W3CHttpResponseCodec.decode(W3CHttpResponseCodec.java:122)
at org.openqa.selenium.remote.http.W3CHttpResponseCodec.decode(W3CHttpResponseCodec.java:49)
at org.openqa.selenium.remote.HttpCommandExecutor.execute(HttpCommandExecutor.java:158)
at org.openqa.selenium.remote.service.DriverCommandExecutor.execute(DriverCommandExecutor.java:83)
at org.openqa.selenium.remote.RemoteWebDriver.execute(RemoteWebDriver.java:552)
at org.openqa.selenium.remote.RemoteWebDriver.findElement(RemoteWebDriver.java:323)
at org.openqa.selenium.remote.RemoteWebDriver.findElementByXPath(RemoteWebDriver.java:428)
at org.openqa.selenium.By$ByXPath.findElement(By.java:353)
at org.openqa.selenium.remote.RemoteWebDriver.findElement(RemoteWebDriver.java:315)
at org.openqa.selenium.support.pagefactory.DefaultElementLocator.findElement(DefaultElementLocator.java:69)
at org.openqa.selenium.support.pagefactory.internal.LocatingElementHandler.invoke(LocatingElementHandler.java:38)
at com.sun.proxy.$Proxy12.sendKeys(Unknown Source)
at com.ChartRequest.Pages.CreateRequest.walkinRequest(CreateRequest.java:1358)
at com.ChartRequest.TestCases.CreateRequestTestcases.WalkinRequestCustodian(CreateRequestTestcases.java:254)
at java.base/java.util.ArrayList.forEach(ArrayList.java:1511)
... Removed 32 stack frames]]>
    </failure>
  </testcase> <!-- WalkinRequestCustodian -->
  <testcase classname="com.ChartRequest.TestCases.CreateRequestTestcases" name="processingOFrequestWalkin" time="155.821"/>
  <testcase classname="com.ChartRequest.TestCases.CreateRequestTestcases" name="WalkinRequestCustodianSPU" time="70.138"/>
  <testcase classname="com.ChartRequest.TestCases.SearchPageTestCases" name="SearchByRequestIDCustodian" time="13.569"/>
  <testcase classname="com.ChartRequest.TestCases.SearchPageTestCases" name="SearchByPatientNameCustodian" time="15.559"/>
  <testcase classname="com.ChartRequest.TestCases.SearchPageTestCases" name="SearchByStatusCustodian" time="12.375"/>
  <testcase classname="com.ChartRequest.TestCases.SearchPageTestCases" name="SearchByRequestorNameCustodian" time="16.226"/>
  <testcase classname="com.ChartRequest.TestCases.SearchPageTestCases" name="SearchByReasonOfRequestCustodian" time="14.571"/>
  <testcase classname="com.ChartRequest.TestCases.MyAccountNavigationPaneTestCases" name="changeOrganizationName" time="14.806"/>
  <testcase classname="com.ChartRequest.TestCases.MyAccountNavigationPaneTestCases" name="addNewUser" time="12.961"/>
  <testcase classname="com.ChartRequest.TestCases.MyAccountNavigationPaneTestCases" name="addNewCreditCard" time="11.947"/>
  <testcase classname="com.ChartRequest.TestCases.MyAccountNavigationPaneTestCases" name="changeOrganizationDetails" time="11.403"/>
  <testcase classname="com.ChartRequest.TestCases.MessagesTestCaseNavigationPaneTestCases" name="ReadMessageCountFromCustodian" time="38.469"/>
  <testcase classname="com.ChartRequest.TestCases.MessagesTestCaseNavigationPaneTestCases" name="chartProviderMessageCustodianToRequestor" time="18.273"/>
  <testcase classname="com.ChartRequest.TestCases.AdminDashboardPageTestCase" name="verifyRequestsProcessedValue" time="22.31"/>
  <testcase classname="com.ChartRequest.TestCases.LoginPageTestcase" name="RequestStatusWithInvalidRequestID" time="0.0">
    <ignored/>
  </testcase> <!-- RequestStatusWithInvalidRequestID -->
  <testcase classname="com.ChartRequest.TestCases.LoginPageTestcase" name="RequestStatusWithAlphabeticRequestID" time="0.0">
    <ignored/>
  </testcase> <!-- RequestStatusWithAlphabeticRequestID -->
  <testcase classname="com.ChartRequest.TestCases.CreateRequestTestcases" name="createRequestCareCordinationWalkin" time="0.0">
    <ignored/>
  </testcase> <!-- createRequestCareCordinationWalkin -->
  <testcase classname="com.ChartRequest.TestCases.LoginPageTestcase" name="loginWhenEmailIDandPasswordInValid" time="0.0">
    <ignored/>
  </testcase> <!-- loginWhenEmailIDandPasswordInValid -->
  <testcase classname="com.ChartRequest.TestCases.LoginPageTestcase" name="GethelpaccessingyouraccountOnLoginPage" time="0.0">
    <ignored/>
  </testcase> <!-- GethelpaccessingyouraccountOnLoginPage -->
  <testcase classname="com.ChartRequest.TestCases.LoginPageTestcase" name="homeButtonOnLoginPage" time="0.0">
    <ignored/>
  </testcase> <!-- homeButtonOnLoginPage -->
  <testcase classname="com.ChartRequest.TestCases.CreateRequestTestcases" name="creatingNewRequestFromPatientAccount" time="0.0">
    <ignored/>
  </testcase> <!-- creatingNewRequestFromPatientAccount -->
  <testcase classname="com.ChartRequest.TestCases.LoginPageTestcase" name="loginWhenInValidPassword" time="0.0">
    <ignored/>
  </testcase> <!-- loginWhenInValidPassword -->
  <testcase classname="com.ChartRequest.TestCases.CreateRequestTestcases" name="requestAbandonedCustodian" time="0.0">
    <ignored/>
  </testcase> <!-- requestAbandonedCustodian -->
  <testcase classname="com.ChartRequest.TestCases.MyAccountNavigationPaneTestCases" name="changedPassword" time="0.0">
    <ignored/>
  </testcase> <!-- changedPassword -->
  <testcase classname="com.ChartRequest.TestCases.LoginPageTestcase" name="loginBlankEmailWhenOnlyPassword" time="0.0">
    <ignored/>
  </testcase> <!-- loginBlankEmailWhenOnlyPassword -->
  <testcase classname="com.ChartRequest.TestCases.CreateRequestTestcases" name="chartProviderMessageCustodianToRequestor" time="0.0">
    <ignored/>
  </testcase> <!-- chartProviderMessageCustodianToRequestor -->
  <testcase classname="com.ChartRequest.TestCases.SearchPageTestCases" name="SearchByReasonOfRequestPatient" time="0.0">
    <ignored/>
  </testcase> <!-- SearchByReasonOfRequestPatient -->
  <testcase classname="com.ChartRequest.TestCases.LoginPageTestcase" name="benefitsButtonOnLoginPage" time="0.0">
    <ignored/>
  </testcase> <!-- benefitsButtonOnLoginPage -->
  <testcase classname="com.ChartRequest.TestCases.LoginPageTestcase" name="ForgotPasswordOnLoginPage" time="0.0">
    <ignored/>
  </testcase> <!-- ForgotPasswordOnLoginPage -->
  <testcase classname="com.ChartRequest.TestCases.LoginPageTestcase" name="requestDemoOnLoginPage" time="0.0">
    <ignored/>
  </testcase> <!-- requestDemoOnLoginPage -->
  <testcase classname="com.ChartRequest.TestCases.CreateRequestTestcases" name="requestAbandonedPatient" time="0.0">
    <ignored/>
  </testcase> <!-- requestAbandonedPatient -->
  <testcase classname="com.ChartRequest.TestCases.CreateRequestTestcases" name="lockingAndUnlockingRequest" time="0.0">
    <ignored/>
  </testcase> <!-- lockingAndUnlockingRequest -->
  <testcase classname="com.ChartRequest.TestCases.SearchPageTestCases" name="SearchByStatusPatient" time="0.0">
    <ignored/>
  </testcase> <!-- SearchByStatusPatient -->
  <testcase classname="com.ChartRequest.TestCases.SearchPageTestCases" name="SearchByReasonOfRequestRequestor" time="0.0">
    <ignored/>
  </testcase> <!-- SearchByReasonOfRequestRequestor -->
  <testcase classname="com.ChartRequest.TestCases.SearchPageTestCases" name="SearchByPatientNameRequestor" time="0.0">
    <ignored/>
  </testcase> <!-- SearchByPatientNameRequestor -->
  <testcase classname="com.ChartRequest.TestCases.MyAccountNavigationPaneTestCases" name="changedEmailID" time="0.0">
    <ignored/>
  </testcase> <!-- changedEmailID -->
  <testcase classname="com.ChartRequest.TestCases.CreateRequestTestcases" name="reOpenAbandonRequest" time="0.0">
    <ignored/>
  </testcase> <!-- reOpenAbandonRequest -->
  <testcase classname="com.ChartRequest.TestCases.SearchPageTestCases" name="SearchByProviderNamePatient" time="0.0">
    <ignored/>
  </testcase> <!-- SearchByProviderNamePatient -->
  <testcase classname="com.ChartRequest.TestCases.CreateRequestTestcases" name="bulkUploadCustodian" time="0.0">
    <ignored/>
  </testcase> <!-- bulkUploadCustodian -->
  <testcase classname="com.ChartRequest.TestCases.LoginPageTestcase" name="RemeberMeOnLoginPage" time="0.0">
    <ignored/>
  </testcase> <!-- RemeberMeOnLoginPage -->
  <testcase classname="com.ChartRequest.TestCases.SearchPageTestCases" name="SearchByRequestIDPatient" time="0.0">
    <ignored/>
  </testcase> <!-- SearchByRequestIDPatient -->
  <testcase classname="com.ChartRequest.TestCases.LoginPageTestcase" name="loginWhenInValidEmailID" time="0.0">
    <ignored/>
  </testcase> <!-- loginWhenInValidEmailID -->
  <testcase classname="com.ChartRequest.TestCases.LoginPageTestcase" name="ForgotPasswordWrongEmailOnLoginPage" time="0.0">
    <ignored/>
  </testcase> <!-- ForgotPasswordWrongEmailOnLoginPage -->
  <testcase classname="com.ChartRequest.TestCases.LoginPageTestcase" name="RequestStatus" time="0.0">
    <ignored/>
  </testcase> <!-- RequestStatus -->
  <testcase classname="com.ChartRequest.TestCases.SearchPageTestCases" name="SearchByRequestIDRequestor" time="0.0">
    <ignored/>
  </testcase> <!-- SearchByRequestIDRequestor -->
  <testcase classname="com.ChartRequest.TestCases.CreateRequestTestcases" name="processingOFrequest" time="0.0">
    <ignored/>
  </testcase> <!-- processingOFrequest -->
  <testcase classname="com.ChartRequest.TestCases.LoginPageTestcase" name="loginWhenNoEmailNoPassword" time="0.0">
    <ignored/>
  </testcase> <!-- loginWhenNoEmailNoPassword -->
  <testcase classname="com.ChartRequest.TestCases.CreateRequestTestcases" name="chartProviderMessageRequestorToCustodian" time="0.0">
    <ignored/>
  </testcase> <!-- chartProviderMessageRequestorToCustodian -->
  <testcase classname="com.ChartRequest.TestCases.MyAccountNavigationPaneTestCases" name="addFavoriteCustodians" time="0.0">
    <ignored/>
  </testcase> <!-- addFavoriteCustodians -->
  <testcase classname="com.ChartRequest.TestCases.LoginPageTestcase" name="FAQOnLoginPage" time="0.0">
    <ignored/>
  </testcase> <!-- FAQOnLoginPage -->
  <testcase classname="com.ChartRequest.TestCases.CreateRequestTestcases" name="creatingNewRequestFromEpatientAuth" time="0.0">
    <ignored/>
  </testcase> <!-- creatingNewRequestFromEpatientAuth -->
  <testcase classname="com.ChartRequest.TestCases.MyAccountNavigationPaneTestCases" name="changeDateofBirth" time="0.0">
    <ignored/>
  </testcase> <!-- changeDateofBirth -->
  <testcase classname="com.ChartRequest.TestCases.CreateRequestTestcases" name="processingRequestCareCordination" time="0.0">
    <ignored/>
  </testcase> <!-- processingRequestCareCordination -->
  <testcase classname="com.ChartRequest.TestCases.LoginPageTestcase" name="verifyTitle" time="0.0">
    <ignored/>
  </testcase> <!-- verifyTitle -->
  <testcase classname="com.ChartRequest.TestCases.SearchPageTestCases" name="SearchByProviderNameRequestor" time="0.0">
    <ignored/>
  </testcase> <!-- SearchByProviderNameRequestor -->
  <testcase classname="com.ChartRequest.TestCases.CreateRequestTestcases" name="verifyReferalStatus" time="0.0">
    <ignored/>
  </testcase> <!-- verifyReferalStatus -->
  <testcase classname="com.ChartRequest.TestCases.SearchPageTestCases" name="SearchByStatusRequestor" time="0.0">
    <ignored/>
  </testcase> <!-- SearchByStatusRequestor -->
  <testcase classname="com.ChartRequest.TestCases.CreateRequestTestcases" name="saveToDraftWithOutDetailsRequestor" time="0.0">
    <ignored/>
  </testcase> <!-- saveToDraftWithOutDetailsRequestor -->
  <testcase classname="com.ChartRequest.TestCases.SearchPageTestCases" name="SearchByPatientNamePatient" time="0.0">
    <ignored/>
  </testcase> <!-- SearchByPatientNamePatient -->
  <testcase classname="com.ChartRequest.TestCases.LoginPageTestcase" name="RequestStatusWithAplhaNumericRequestID" time="0.0">
    <ignored/>
  </testcase> <!-- RequestStatusWithAplhaNumericRequestID -->
  <testcase classname="com.ChartRequest.TestCases.LoginPageTestcase" name="loginWhenOnlyEmailId" time="0.0">
    <ignored/>
  </testcase> <!-- loginWhenOnlyEmailId -->
  <testcase classname="com.ChartRequest.TestCases.CreateRequestTestcases" name="saveToDraftWithOutDetailsPatient" time="0.0">
    <ignored/>
  </testcase> <!-- saveToDraftWithOutDetailsPatient -->
  <testcase classname="com.ChartRequest.TestCases.CreateRequestTestcases" name="incompleteRequestCustodian" time="0.0">
    <ignored/>
  </testcase> <!-- incompleteRequestCustodian -->
  <testcase classname="com.ChartRequest.TestCases.LoginPageTestcase" name="aboutButtonOnLoginPage" time="0.0">
    <ignored/>
  </testcase> <!-- aboutButtonOnLoginPage -->
  <testcase classname="com.ChartRequest.TestCases.CreateRequestTestcases" name="saveToDraftWithOutDetailsCustodian" time="0.0">
    <ignored/>
  </testcase> <!-- saveToDraftWithOutDetailsCustodian -->
  <testcase classname="com.ChartRequest.TestCases.LoginPageTestcase" name="signUpButtonOnLoginPage" time="0.0">
    <ignored/>
  </testcase> <!-- signUpButtonOnLoginPage -->
  <testcase classname="com.ChartRequest.TestCases.LoginPageTestcase" name="loginWithGmail" time="0.0">
    <ignored/>
  </testcase> <!-- loginWithGmail -->
  <testcase classname="com.ChartRequest.TestCases.CreateRequestTestcases" name="createRequestCareCordination" time="0.0">
    <ignored/>
  </testcase> <!-- createRequestCareCordination -->
  <testcase classname="com.ChartRequest.TestCases.CreateRequestTestcases" name="bulkUploadPatient" time="0.0">
    <ignored/>
  </testcase> <!-- bulkUploadPatient -->
  <testcase classname="com.ChartRequest.TestCases.CreateRequestTestcases" name="requestAbandonedRequestor" time="0.0">
    <ignored/>
  </testcase> <!-- requestAbandonedRequestor -->
  <testcase classname="com.ChartRequest.TestCases.MessagesTestCaseNavigationPaneTestCases" name="chartProviderMessageCustodianToCustodian" time="0.0">
    <ignored/>
  </testcase> <!-- chartProviderMessageCustodianToCustodian -->
  <testcase classname="com.ChartRequest.TestCases.LoginPageTestcase" name="loginWithSSO" time="0.0">
    <ignored/>
  </testcase> <!-- loginWithSSO -->
</testsuite> <!-- Chart request -->
